\BOOKMARK [1][-]{section*.2}{\376\377\000L\000i\000s\000t\000\040\000o\000f\000\040\000F\000i\000g\000u\000r\000e\000s}{}% 1
\BOOKMARK [1][-]{section*.3}{\376\377\000L\000i\000s\000t\000\040\000o\000f\000\040\000T\000a\000b\000l\000e\000s}{}% 2
\BOOKMARK [1][-]{section.1}{\376\377\000I\000n\000t\000r\000o\000d\000u\000c\000t\000i\000o\000n}{}% 3
\BOOKMARK [1][-]{section.2}{\376\377\000O\000b\000j\000e\000c\000t\000i\000v\000e\000s\000\040\000a\000n\000d\000\040\000S\000c\000o\000p\000e}{}% 4
\BOOKMARK [1][-]{section.3}{\376\377\000T\000e\000a\000m\000\040\000C\000o\000n\000t\000r\000i\000b\000u\000t\000i\000o\000n}{}% 5
\BOOKMARK [1][-]{section.4}{\376\377\000D\000a\000t\000a\000\040\000U\000n\000d\000e\000r\000s\000t\000a\000n\000d\000i\000n\000g}{}% 6
\BOOKMARK [2][-]{subsection.4.1}{\376\377\000D\000a\000t\000a\000\040\000S\000o\000u\000r\000c\000e}{section.4}% 7
\BOOKMARK [2][-]{subsection.4.2}{\376\377\000F\000e\000a\000t\000u\000r\000e\000\040\000T\000y\000p\000e}{section.4}% 8
\BOOKMARK [2][-]{subsection.4.3}{\376\377\000D\000e\000s\000c\000r\000i\000p\000t\000i\000v\000e\000\040\000S\000t\000a\000t\000i\000s\000t\000i\000c\000s}{section.4}% 9
\BOOKMARK [2][-]{subsection.4.4}{\376\377\000M\000i\000s\000s\000i\000n\000g\000\040\000V\000a\000l\000u\000e\000s\000\040\000a\000n\000d\000\040\000O\000u\000t\000l\000i\000e\000r\000s}{section.4}% 10
\BOOKMARK [3][-]{subsubsection.4.4.1}{\376\377\000M\000i\000s\000s\000i\000n\000g\000\040\000V\000a\000l\000u\000e\000s}{subsection.4.4}% 11
\BOOKMARK [3][-]{subsubsection.4.4.2}{\376\377\000O\000u\000t\000l\000i\000e\000r\000s}{subsection.4.4}% 12
\BOOKMARK [2][-]{subsection.4.5}{\376\377\000I\000n\000i\000t\000i\000a\000l\000\040\000I\000n\000s\000i\000g\000h\000t\000s\000\040\000a\000n\000d\000\040\000L\000i\000m\000i\000t\000a\000t\000i\000o\000n\000s}{section.4}% 13
\BOOKMARK [3][-]{subsubsection.4.5.1}{\376\377\000I\000n\000i\000t\000i\000a\000l\000\040\000I\000n\000s\000i\000g\000h\000t\000s}{subsection.4.5}% 14
\BOOKMARK [3][-]{subsubsection.4.5.2}{\376\377\000L\000i\000m\000i\000t\000a\000t\000i\000o\000n\000s}{subsection.4.5}% 15
\BOOKMARK [1][-]{section.5}{\376\377\000D\000a\000t\000a\000\040\000C\000l\000e\000a\000n\000i\000n\000g\000\040\000a\000n\000d\000\040\000P\000r\000e\000p\000r\000o\000c\000e\000s\000s\000i\000n\000g}{}% 16
\BOOKMARK [2][-]{subsection.5.1}{\376\377\000D\000a\000t\000a\000\040\000C\000l\000e\000a\000n\000i\000n\000g}{section.5}% 17
\BOOKMARK [2][-]{subsection.5.2}{\376\377\000F\000e\000a\000t\000u\000r\000e\000\040\000E\000n\000g\000i\000n\000e\000e\000r\000i\000n\000g\000\040\000a\000n\000d\000\040\000T\000r\000a\000n\000s\000f\000o\000r\000m\000a\000t\000i\000o\000n}{section.5}% 18
\BOOKMARK [2][-]{subsection.5.3}{\376\377\000P\000r\000e\000-\000M\000o\000d\000e\000l\000i\000n\000g\000\040\000P\000r\000e\000p\000r\000o\000c\000e\000s\000s\000i\000n\000g\000\040\000\050\000S\000M\000O\000T\000E\000\051}{section.5}% 19
\BOOKMARK [1][-]{section.6}{\376\377\000S\000h\000a\000p\000l\000e\000y\000\040\000V\000a\000l\000u\000e\000s}{}% 20
\BOOKMARK [2][-]{subsection.6.1}{\376\377\000I\000n\000t\000r\000o\000d\000u\000c\000t\000i\000o\000n}{section.6}% 21
\BOOKMARK [2][-]{subsection.6.2}{\376\377\000S\000H\000A\000P\000:\000\040\000M\000e\000t\000h\000o\000d\000o\000l\000o\000g\000y\000\040\000a\000n\000d\000\040\000M\000a\000t\000h\000e\000m\000a\000t\000i\000c\000a\000l\000\040\000B\000a\000c\000k\000g\000r\000o\000u\000n\000d}{section.6}% 22
\BOOKMARK [3][-]{subsubsection.6.2.1}{\376\377\000S\000h\000a\000p\000l\000e\000y\000\040\000V\000a\000l\000u\000e\000s\000\040\000f\000r\000o\000m\000\040\000G\000a\000m\000e\000\040\000T\000h\000e\000o\000r\000y}{subsection.6.2}% 23
\BOOKMARK [3][-]{subsubsection.6.2.2}{\376\377\000M\000a\000p\000p\000i\000n\000g\000\040\000S\000h\000a\000p\000l\000e\000y\000\040\000V\000a\000l\000u\000e\000s\000\040\000t\000o\000\040\000M\000a\000c\000h\000i\000n\000e\000\040\000L\000e\000a\000r\000n\000i\000n\000g}{subsection.6.2}% 24
\BOOKMARK [3][-]{subsubsection.6.2.3}{\376\377\000S\000H\000A\000P\000\040\000A\000d\000d\000i\000t\000i\000v\000e\000\040\000E\000x\000p\000l\000a\000n\000a\000t\000i\000o\000n\000\040\000M\000o\000d\000e\000l}{subsection.6.2}% 25
\BOOKMARK [3][-]{subsubsection.6.2.4}{\376\377\000D\000e\000s\000i\000r\000a\000b\000l\000e\000\040\000P\000r\000o\000p\000e\000r\000t\000i\000e\000s\000\040\000o\000f\000\040\000S\000H\000A\000P}{subsection.6.2}% 26
\BOOKMARK [3][-]{subsubsection.6.2.5}{\376\377\000E\000f\000f\000i\000c\000i\000e\000n\000t\000\040\000C\000o\000m\000p\000u\000t\000a\000t\000i\000o\000n\000\040\000f\000o\000r\000\040\000T\000r\000e\000e\000-\000B\000a\000s\000e\000d\000\040\000M\000o\000d\000e\000l\000s}{subsection.6.2}% 27
\BOOKMARK [3][-]{subsubsection.6.2.6}{\376\377\000I\000n\000t\000e\000r\000p\000r\000e\000t\000a\000t\000i\000o\000n\000\040\000o\000f\000\040\000S\000H\000A\000P\000\040\000V\000a\000l\000u\000e\000s}{subsection.6.2}% 28
\BOOKMARK [2][-]{subsection.6.3}{\376\377\000S\000H\000A\000P\000\040\000I\000m\000p\000l\000e\000m\000e\000n\000t\000a\000t\000i\000o\000n\000\040\000i\000n\000\040\000T\000h\000i\000s\000\040\000P\000r\000o\000j\000e\000c\000t}{section.6}% 29
\BOOKMARK [3][-]{subsubsection.6.3.1}{\376\377\000M\000o\000d\000e\000l\000\040\000a\000n\000d\000\040\000E\000x\000p\000l\000a\000i\000n\000e\000r\000\040\000S\000e\000l\000e\000c\000t\000i\000o\000n}{subsection.6.3}% 30
\BOOKMARK [3][-]{subsubsection.6.3.2}{\376\377\000G\000l\000o\000b\000a\000l\000\040\000E\000x\000p\000l\000a\000n\000a\000t\000i\000o\000n\000:\000\040\000F\000e\000a\000t\000u\000r\000e\000\040\000I\000m\000p\000o\000r\000t\000a\000n\000c\000e}{subsection.6.3}% 31
\BOOKMARK [3][-]{subsubsection.6.3.3}{\376\377\000L\000o\000c\000a\000l\000\040\000E\000x\000p\000l\000a\000n\000a\000t\000i\000o\000n\000:\000\040\000I\000n\000d\000i\000v\000i\000d\000u\000a\000l\000\040\000P\000r\000e\000d\000i\000c\000t\000i\000o\000n\000s}{subsection.6.3}% 32
\BOOKMARK [2][-]{subsection.6.4}{\376\377\000F\000e\000a\000t\000u\000r\000e\000\040\000E\000f\000f\000e\000c\000t\000s\000\040\000a\000n\000d\000\040\000I\000n\000t\000e\000r\000a\000c\000t\000i\000o\000n\000\040\000A\000n\000a\000l\000y\000s\000i\000s}{section.6}% 33
\BOOKMARK [2][-]{subsection.6.5}{\376\377\000S\000u\000m\000m\000a\000r\000y}{section.6}% 34
\BOOKMARK [1][-]{section.7}{\376\377\000L\000o\000c\000a\000l\000\040\000I\000n\000t\000e\000r\000p\000r\000e\000t\000a\000b\000l\000e\000\040\000M\000o\000d\000e\000l\000-\000A\000g\000n\000o\000s\000t\000i\000c\000\040\000E\000x\000p\000l\000a\000n\000a\000t\000i\000o\000n\000s}{}% 35
\BOOKMARK [2][-]{subsection.7.1}{\376\377\000I\000n\000t\000r\000o\000d\000u\000c\000t\000i\000o\000n}{section.7}% 36
\BOOKMARK [2][-]{subsection.7.2}{\376\377\000M\000o\000t\000i\000v\000a\000t\000i\000o\000n\000\040\000b\000e\000h\000i\000n\000d\000\040\000L\000I\000M\000E}{section.7}% 37
\BOOKMARK [2][-]{subsection.7.3}{\376\377\000M\000a\000t\000h\000\040\000b\000e\000h\000i\000n\000d\000\040\000L\000I\000M\000E}{section.7}% 38
\BOOKMARK [2][-]{subsection.7.4}{\376\377\000A\000l\000g\000o\000r\000i\000t\000h\000m\000\040\000o\000f\000\040\000L\000I\000M\000E}{section.7}% 39
\BOOKMARK [3][-]{subsubsection.7.4.1}{\376\377\000A\000l\000g\000o\000r\000i\000t\000h\000m}{subsection.7.4}% 40
\BOOKMARK [2][-]{subsection.7.5}{\376\377\000L\000I\000M\000E\000\040\000M\000e\000t\000r\000i\000c\000s\000:\000\040\000W\000e\000i\000g\000h\000t\000s\000\040\000a\000n\000d\000\040\000F\000i\000d\000e\000l\000i\000t\000y}{section.7}% 41
\BOOKMARK [3][-]{subsubsection.7.5.1}{\376\377\000L\000I\000M\000E\000\040\000W\000e\000i\000g\000h\000t\000s}{subsection.7.5}% 42
\BOOKMARK [3][-]{subsubsection.7.5.2}{\376\377\000F\000i\000d\000e\000l\000i\000t\000y}{subsection.7.5}% 43
\BOOKMARK [2][-]{subsection.7.6}{\376\377\000S\000u\000b\000m\000o\000d\000u\000l\000a\000r\000\040\000P\000i\000c\000k\000\040\000L\000I\000M\000E\000\040\000\050\000S\000P\000-\000L\000I\000M\000E}{section.7}% 44
\BOOKMARK [3][-]{subsubsection.7.6.1}{\376\377\000S\000P\000-\000L\000I\000M\000E\000\040\000A\000l\000g\000o\000r\000i\000t\000h\000m}{subsection.7.6}% 45
\BOOKMARK [2][-]{subsection.7.7}{\376\377\000P\000r\000a\000c\000t\000i\000c\000a\000l\000\040\000I\000m\000p\000l\000e\000m\000e\000n\000t\000a\000t\000i\000o\000n}{section.7}% 46
\BOOKMARK [3][-]{subsubsection.7.7.1}{\376\377\000I\000n\000s\000i\000g\000h\000t\000s}{subsection.7.7}% 47
\BOOKMARK [3][-]{subsubsection.7.7.2}{\376\377\000L\000I\000M\000E\000\040\000W\000e\000i\000g\000h\000t\000s\000\040\000a\000n\000d\000\040\000F\000i\000d\000e\000l\000i\000t\000y\000\040\000r\000e\000s\000u\000l\000t\000s}{subsection.7.7}% 48
\BOOKMARK [3][-]{subsubsection.7.7.3}{\376\377\000M\000o\000d\000e\000l\000\040\000C\000o\000m\000p\000a\000r\000i\000s\000i\000o\000n\000s\000\040\000a\000n\000d\000\040\000F\000i\000n\000a\000l\000\040\000S\000t\000a\000t\000i\000s\000t\000i\000c\000s}{subsection.7.7}% 49
\BOOKMARK [1][-]{section.8}{\376\377\000C\000o\000u\000n\000t\000e\000r\000f\000a\000c\000t\000u\000a\000l\000\040\000E\000x\000p\000l\000a\000n\000a\000t\000i\000o\000n\000s}{}% 50
\BOOKMARK [2][-]{subsection.8.1}{\376\377\000U\000n\000d\000e\000r\000s\000t\000a\000n\000d\000i\000n\000g\000\040\000C\000o\000u\000n\000t\000e\000r\000f\000a\000c\000t\000u\000a\000l\000\040\000E\000x\000p\000l\000a\000n\000a\000t\000i\000o\000n\000s\000\040\000\050\000C\000E\000\051}{section.8}% 51
\BOOKMARK [2][-]{subsection.8.2}{\376\377\000D\000i\000v\000e\000r\000s\000e\000\040\000C\000o\000u\000n\000t\000e\000r\000f\000a\000c\000t\000u\000a\000l\000\040\000E\000x\000p\000l\000a\000n\000a\000t\000i\000o\000n\000s\000\040\000\050\000D\000i\000C\000E\000\051}{section.8}% 52
\BOOKMARK [2][-]{subsection.8.3}{\376\377\000S\000t\000r\000e\000n\000g\000t\000h\000\040\000a\000n\000d\000\040\000W\000e\000a\000k\000n\000e\000s\000s}{section.8}% 53
\BOOKMARK [1][-]{section.9}{\376\377\000P\000a\000r\000t\000i\000a\000l\000\040\000D\000e\000p\000e\000n\000d\000e\000n\000c\000e\000\040\000P\000l\000o\000t\000s\000\040\000\050\000P\000D\000P\000\051\000\040\000a\000n\000d\000\040\000I\000n\000d\000i\000v\000i\000d\000u\000a\000l\000\040\000C\000o\000n\000d\000i\000t\000i\000o\000n\000a\000l\000\040\000E\000x\000p\000e\000c\000t\000a\000t\000i\000o\000n\000\040\000\050\000I\000C\000E\000\051}{}% 54
\BOOKMARK [2][-]{subsection.9.1}{\376\377\000I\000n\000t\000r\000o\000d\000u\000c\000t\000i\000o\000n\000\040\000t\000o\000\040\000P\000D\000P\000\040\000a\000n\000d\000\040\000I\000C\000E}{section.9}% 55
\BOOKMARK [2][-]{subsection.9.2}{\376\377\000M\000e\000t\000h\000o\000d\000o\000l\000o\000g\000y\000\040\000a\000n\000d\000\040\000I\000m\000p\000l\000e\000m\000e\000n\000t\000a\000t\000i\000o\000n}{section.9}% 56
\BOOKMARK [2][-]{subsection.9.3}{\376\377\000G\000l\000o\000b\000a\000l\000\040\000F\000e\000a\000t\000u\000r\000e\000\040\000E\000f\000f\000e\000c\000t\000s\000\040\000u\000s\000i\000n\000g\000\040\000P\000D\000P}{section.9}% 57
\BOOKMARK [3][-]{subsubsection.9.3.1}{\376\377\000E\000f\000f\000e\000c\000t\000\040\000o\000f\000\040\000A\000g\000e\000\040\000o\000n\000\040\000S\000t\000r\000o\000k\000e\000\040\000R\000i\000s\000k}{subsection.9.3}% 58
\BOOKMARK [3][-]{subsubsection.9.3.2}{\376\377\000E\000f\000f\000e\000c\000t\000\040\000o\000f\000\040\000A\000v\000e\000r\000a\000g\000e\000\040\000G\000l\000u\000c\000o\000s\000e\000\040\000L\000e\000v\000e\000l}{subsection.9.3}% 59
\BOOKMARK [3][-]{subsubsection.9.3.3}{\376\377\000E\000f\000f\000e\000c\000t\000\040\000o\000f\000\040\000B\000M\000I}{subsection.9.3}% 60
\BOOKMARK [3][-]{subsubsection.9.3.4}{\376\377\000C\000l\000i\000n\000i\000c\000a\000l\000\040\000T\000h\000r\000e\000s\000h\000o\000l\000d}{subsection.9.3}% 61
\BOOKMARK [2][-]{subsection.9.4}{\376\377\000R\000e\000l\000a\000t\000i\000o\000n\000s\000h\000i\000p\000\040\000w\000i\000t\000h\000\040\000S\000H\000A\000P\000\040\000A\000n\000a\000l\000y\000s\000i\000s}{section.9}% 62
\BOOKMARK [2][-]{subsection.9.5}{\376\377\000I\000n\000d\000i\000v\000i\000d\000u\000a\000l\000\040\000H\000e\000t\000e\000r\000o\000g\000e\000n\000e\000i\000t\000y\000\040\000R\000e\000v\000e\000a\000l\000e\000d\000\040\000b\000y\000\040\000I\000C\000E}{section.9}% 63
\BOOKMARK [2][-]{subsection.9.6}{\376\377\000M\000o\000d\000e\000l\000\040\000C\000o\000m\000p\000a\000r\000i\000s\000o\000n\000:\000\040\000R\000a\000n\000d\000o\000m\000\040\000F\000o\000r\000e\000s\000t\000\040\000v\000s\000\040\000X\000G\000B\000o\000o\000s\000t}{section.9}% 64
\BOOKMARK [2][-]{subsection.9.7}{\376\377\000C\000l\000i\000n\000i\000c\000a\000l\000\040\000I\000m\000p\000l\000i\000c\000a\000t\000i\000o\000n\000s}{section.9}% 65
\BOOKMARK [3][-]{subsubsection.9.7.1}{\376\377\000T\000h\000r\000e\000e\000-\000T\000i\000e\000r\000\040\000R\000i\000s\000k\000\040\000S\000t\000r\000a\000t\000i\000f\000i\000c\000a\000t\000i\000o\000n\000\040\000F\000r\000a\000m\000e\000w\000o\000r\000k}{subsection.9.7}% 66
\BOOKMARK [2][-]{subsection.9.8}{\376\377\000C\000o\000n\000c\000l\000u\000s\000i\000o\000n}{section.9}% 67
\BOOKMARK [1][-]{section.10}{\376\377\000A\000n\000a\000l\000y\000s\000i\000s\000\040\000a\000n\000d\000\040\000C\000o\000m\000p\000a\000r\000i\000s\000o\000n\000\040\000o\000f\000\040\000R\000e\000s\000u\000l\000t\000s}{}% 68
\BOOKMARK [1][-]{section.11}{\376\377\000C\000o\000n\000c\000l\000u\000s\000i\000o\000n}{}% 69
\BOOKMARK [1][-]{section*.40}{\376\377\000R\000e\000f\000e\000r\000e\000n\000c\000e\000s}{}% 70
